This is pdfTeX, Version 3.14159265-2.6-1.40.20 (TeX Live 2019/Debian) (preloaded format=pdflatex 2021.1.7)  7 JAN 2021 22:52
entering extended mode
 restricted \write18 enabled.
 file:line:error style messages enabled.
 %&-line parsing enabled.
**/home/kuba/semestr5/tw/lab12/sprawozdanie.tex
(/home/kuba/semestr5/tw/lab12/sprawozdanie.tex
LaTeX2e <2020-02-02> patch level 2
L3 programming layer <2020-02-14> (/usr/share/texlive/texmf-dist/tex/latex/base/article.cls
Document Class: article 2019/12/20 v1.4l Standard LaTeX document class
(/usr/share/texlive/texmf-dist/tex/latex/base/size10.clo
File: size10.clo 2019/12/20 v1.4l Standard LaTeX file (size option)
)
\c@part=\count167
\c@section=\count168
\c@subsection=\count169
\c@subsubsection=\count170
\c@paragraph=\count171
\c@subparagraph=\count172
\c@figure=\count173
\c@table=\count174
\abovecaptionskip=\skip47
\belowcaptionskip=\skip48
\bibindent=\dimen134
) (/usr/share/texlive/texmf-dist/tex/latex/base/inputenc.sty
Package: inputenc 2018/08/11 v1.3c Input encoding file
\inpenc@prehook=\toks14
\inpenc@posthook=\toks15
) (/usr/share/texlive/texmf-dist/tex/latex/geometry/geometry.sty
Package: geometry 2020/01/02 v5.9 Page Geometry
 (/usr/share/texlive/texmf-dist/tex/latex/graphics/keyval.sty
Package: keyval 2014/10/28 v1.15 key=value parser (DPC)
\KV@toks@=\toks16
) (/usr/share/texlive/texmf-dist/tex/generic/iftex/ifvtex.sty
Package: ifvtex 2019/10/25 v1.7 ifvtex legacy package. Use iftex instead.
 (/usr/share/texlive/texmf-dist/tex/generic/iftex/iftex.sty
Package: iftex 2019/11/07 v1.0c TeX engine tests
))
\Gm@cnth=\count175
\Gm@cntv=\count176
\c@Gm@tempcnt=\count177
\Gm@bindingoffset=\dimen135
\Gm@wd@mp=\dimen136
\Gm@odd@mp=\dimen137
\Gm@even@mp=\dimen138
\Gm@layoutwidth=\dimen139
\Gm@layoutheight=\dimen140
\Gm@layouthoffset=\dimen141
\Gm@layoutvoffset=\dimen142
\Gm@dimlist=\toks17
) (/usr/share/texlive/texmf-dist/tex/latex/appendix/appendix.sty
Package: appendix 2020/02/08 v1.2c extra appendix facilities
\c@@pps=\count178
\c@@ppsavesec=\count179
\c@@ppsaveapp=\count180
) (/usr/share/texlive/texmf-dist/tex/latex/polski/polski.sty
Package: polski 2017/05/04 v1.3.4 Polish language package

   Inputenc package detected. Catcodes not changed.
   Switching to Polish text encoding and Polish maths fonts.
(/usr/share/texlive/texmf-dist/tex/latex/base/ot4enc.def
File: ot4enc.def 2020/02/11 v2.0o Standard LaTeX file
Now handling font encoding OT4 ...
... no UTF-8 mapping file for font encoding OT4
)
LaTeX Font Info:    Trying to load font information for OT4+cmr on input line 360.
 (/usr/share/texlive/texmf-dist/tex/latex/polski/ot4cmr.fd
File: ot4cmr.fd 2008/02/24 v1.2.1 Font defs for fonts PL (MW)
)
LaTeX Font Info:    Overwriting math alphabet `\mathbf' in version `normal'
(Font)                  OT1/cmr/bx/n --> OT4/cmr/bx/n on input line 360.
LaTeX Font Info:    Overwriting math alphabet `\mathsf' in version `normal'
(Font)                  OT1/cmss/m/n --> OT4/cmss/m/n on input line 360.
LaTeX Font Info:    Overwriting math alphabet `\mathit' in version `normal'
(Font)                  OT1/cmr/m/it --> OT4/cmr/m/it on input line 360.
LaTeX Font Info:    Overwriting math alphabet `\mathtt' in version `normal'
(Font)                  OT1/cmtt/m/n --> OT4/cmtt/m/n on input line 360.
LaTeX Font Info:    Overwriting math alphabet `\mathsf' in version `bold'
(Font)                  OT1/cmss/bx/n --> OT4/cmss/bx/n on input line 360.
LaTeX Font Info:    Overwriting math alphabet `\mathit' in version `bold'
(Font)                  OT1/cmr/bx/it --> OT4/cmr/bx/it on input line 360.
LaTeX Font Info:    Encoding `OT1' has changed to `OT4' for symbol font
(Font)              `operators' in the math version `normal' on input line 360.
LaTeX Font Info:    Overwriting symbol font `operators' in version `normal'
(Font)                  OT1/cmr/m/n --> OT4/cmr/m/n on input line 360.
LaTeX Font Info:    Overwriting symbol font `letters' in version `normal'
(Font)                  OML/cmm/m/it --> OML/plm/m/it on input line 360.
LaTeX Font Info:    Overwriting symbol font `symbols' in version `normal'
(Font)                  OMS/cmsy/m/n --> OMS/plsy/m/n on input line 360.
LaTeX Font Info:    Overwriting symbol font `largesymbols' in version `normal'
(Font)                  OMX/cmex/m/n --> OMX/plex/m/n on input line 360.
LaTeX Font Info:    Encoding `OT1' has changed to `OT4' for symbol font
(Font)              `operators' in the math version `bold' on input line 360.
LaTeX Font Info:    Overwriting symbol font `operators' in version `bold'
(Font)                  OT1/cmr/bx/n --> OT4/cmr/bx/n on input line 360.
LaTeX Font Info:    Overwriting symbol font `letters' in version `bold'
(Font)                  OML/cmm/b/it --> OML/plm/b/it on input line 360.
LaTeX Font Info:    Overwriting symbol font `symbols' in version `bold'
(Font)                  OMS/cmsy/b/n --> OMS/plsy/b/n on input line 360.
) (/usr/share/texlive/texmf-dist/tex/generic/babel/babel.sty
Package: babel 2020/02/14 3.40 The Babel package
 (/usr/share/texlive/texmf-dist/tex/generic/babel/switch.def
File: switch.def 2020/02/14 3.40 Babel switching mechanism
) (/usr/share/texlive/texmf-dist/tex/generic/babel-polish/polish.ldf
Language: polish 2005/03/31 v1.2l Polish support from the babel system
 (/usr/share/texlive/texmf-dist/tex/generic/babel/babel.def
File: babel.def 2020/02/14 3.40 Babel common definitions
\babel@savecnt=\count181
\U@D=\dimen143
 (/usr/share/texlive/texmf-dist/tex/generic/babel/txtbabel.def)
\bbl@readstream=\read2
\bbl@dirlevel=\count182
)
Package babel Info: Making " an active character on input line 83.
\pl@left=\dimen144
\pl@down=\dimen145
\pl@right=\dimen146
\pl@temp=\dimen147
)) (/usr/share/texlive/texmf-dist/tex/latex/graphics/graphicx.sty
Package: graphicx 2019/11/30 v1.2a Enhanced LaTeX Graphics (DPC,SPQR)
 (/usr/share/texlive/texmf-dist/tex/latex/graphics/graphics.sty
Package: graphics 2019/11/30 v1.4a Standard LaTeX Graphics (DPC,SPQR)
 (/usr/share/texlive/texmf-dist/tex/latex/graphics/trig.sty
Package: trig 2016/01/03 v1.10 sin cos tan (DPC)
) (/usr/share/texlive/texmf-dist/tex/latex/graphics-cfg/graphics.cfg
File: graphics.cfg 2016/06/04 v1.11 sample graphics configuration
)
Package graphics Info: Driver file: pdftex.def on input line 105.
 (/usr/share/texlive/texmf-dist/tex/latex/graphics-def/pdftex.def
File: pdftex.def 2018/01/08 v1.0l Graphics/color driver for pdftex
))
\Gin@req@height=\dimen148
\Gin@req@width=\dimen149
) (/usr/share/texlive/texmf-dist/tex/latex/float/float.sty
Package: float 2001/11/08 v1.3d Float enhancements (AL)
\c@float@type=\count183
\float@exts=\toks18
\float@box=\box45
\@float@everytoks=\toks19
\@floatcapt=\box46
) (/usr/share/texlive/texmf-dist/tex/latex/l3backend/l3backend-pdfmode.def
File: l3backend-pdfmode.def 2020-02-03 L3 backend support: PDF mode
\l__kernel_color_stack_int=\count184
\l__pdf_internal_box=\box47
) (/home/kuba/semestr5/tw/lab12/sprawozdanie.aux)
\openout1 = `sprawozdanie.aux'.

LaTeX Font Info:    Checking defaults for OML/cmm/m/it on input line 21.
LaTeX Font Info:    ... okay on input line 21.
LaTeX Font Info:    Checking defaults for OMS/cmsy/m/n on input line 21.
LaTeX Font Info:    ... okay on input line 21.
LaTeX Font Info:    Checking defaults for OT1/cmr/m/n on input line 21.
LaTeX Font Info:    ... okay on input line 21.
LaTeX Font Info:    Checking defaults for T1/cmr/m/n on input line 21.
LaTeX Font Info:    ... okay on input line 21.
LaTeX Font Info:    Checking defaults for TS1/cmr/m/n on input line 21.
LaTeX Font Info:    ... okay on input line 21.
LaTeX Font Info:    Checking defaults for OMX/cmex/m/n on input line 21.
LaTeX Font Info:    ... okay on input line 21.
LaTeX Font Info:    Checking defaults for U/cmr/m/n on input line 21.
LaTeX Font Info:    ... okay on input line 21.
LaTeX Font Info:    Checking defaults for OT4/cmr/m/n on input line 21.
LaTeX Font Info:    ... okay on input line 21.

*geometry* driver: auto-detecting
*geometry* detected driver: pdftex
*geometry* verbose mode - [ preamble ] result:
* driver: pdftex
* paper: <default>
* layout: <same size as paper>
* layoutoffset:(h,v)=(0.0pt,0.0pt)
* modes: 
* h-part:(L,W,R)=(72.26999pt, 469.75502pt, 72.26999pt)
* v-part:(T,H,B)=(72.26999pt, 650.43001pt, 72.26999pt)
* \paperwidth=614.295pt
* \paperheight=794.96999pt
* \textwidth=469.75502pt
* \textheight=650.43001pt
* \oddsidemargin=0.0pt
* \evensidemargin=0.0pt
* \topmargin=-37.0pt
* \headheight=12.0pt
* \headsep=25.0pt
* \topskip=10.0pt
* \footskip=30.0pt
* \marginparwidth=65.0pt
* \marginparsep=11.0pt
* \columnsep=10.0pt
* \skip\footins=9.0pt plus 4.0pt minus 2.0pt
* \hoffset=0.0pt
* \voffset=0.0pt
* \mag=1000
* \@twocolumnfalse
* \@twosidefalse
* \@mparswitchfalse
* \@reversemarginfalse
* (1in=72.27pt=25.4mm, 1cm=28.453pt)

(/usr/share/texlive/texmf-dist/tex/context/base/mkii/supp-pdf.mkii
[Loading MPS to PDF converter (version 2006.09.02).]
\scratchcounter=\count185
\scratchdimen=\dimen150
\scratchbox=\box48
\nofMPsegments=\count186
\nofMParguments=\count187
\everyMPshowfont=\toks20
\MPscratchCnt=\count188
\MPscratchDim=\dimen151
\MPnumerator=\count189
\makeMPintoPDFobject=\count190
\everyMPtoPDFconversion=\toks21
) (/usr/share/texlive/texmf-dist/tex/latex/epstopdf-pkg/epstopdf-base.sty
Package: epstopdf-base 2020-01-24 v2.11 Base part for package epstopdf
Package epstopdf-base Info: Redefining graphics rule for `.eps' on input line 485.
 (/usr/share/texlive/texmf-dist/tex/latex/latexconfig/epstopdf-sys.cfg
File: epstopdf-sys.cfg 2010/07/13 v1.3 Configuration of (r)epstopdf for TeX Live
))
LaTeX Font Info:    Trying to load font information for OML+plm on input line 23.
 (/usr/share/texlive/texmf-dist/tex/latex/polski/omlplm.fd
File: omlplm.fd 2008/02/24 v1.2.1 Font defs for fonts PL (MW)
)
LaTeX Font Info:    Trying to load font information for OMS+plsy on input line 23.
 (/usr/share/texlive/texmf-dist/tex/latex/polski/omsplsy.fd
File: omsplsy.fd 2008/02/24 v1.2.1 Font defs for fonts PL (MW)
)
LaTeX Font Info:    Trying to load font information for OMX+plex on input line 23.
 (/usr/share/texlive/texmf-dist/tex/latex/polski/omxplex.fd
File: omxplex.fd 2008/02/24 v1.2.1 Font defs for fonts PL (MW)
)
LaTeX Font Info:    External font `plex10' loaded for size
(Font)              <12> on input line 23.
LaTeX Font Info:    External font `plex10' loaded for size
(Font)              <8> on input line 23.
LaTeX Font Info:    External font `plex10' loaded for size
(Font)              <6> on input line 23.
<./images/zad2.png, id=1, 437.635pt x 312.16624pt>
File: ./images/zad2.png Graphic file (type png)
<use ./images/zad2.png>
Package pdftex.def Info: ./images/zad2.png  used on input line 35.
(pdftex.def)             Requested size: 375.81119pt x 260.17441pt.
<./images/zad2_analiza.png, id=3, 610.28pt x 422.57875pt>
File: ./images/zad2_analiza.png Graphic file (type png)
<use ./images/zad2_analiza.png>
Package pdftex.def Info: ./images/zad2_analiza.png  used on input line 42.
(pdftex.def)             Requested size: 375.81816pt x 260.17133pt.
 [1

{/var/lib/texmf/fonts/map/pdftex/updmap/pdftex.map} <./images/zad2.png>]
<./images/zad2_graph.png, id=14, 513.92pt x 506.89375pt>
File: ./images/zad2_graph.png Graphic file (type png)
<use ./images/zad2_graph.png>
Package pdftex.def Info: ./images/zad2_graph.png  used on input line 54.
(pdftex.def)             Requested size: 375.80934pt x 260.17532pt.
 [2 <./images/zad2_analiza.png>]
<./images/zad3.png, id=19, 556.0775pt x 268.00125pt>
File: ./images/zad3.png Graphic file (type png)
<use ./images/zad3.png>
Package pdftex.def Info: ./images/zad3.png  used on input line 66.
(pdftex.def)             Requested size: 375.81128pt x 260.16534pt.
 [3 <./images/zad2_graph.png>]
<./images/zad3_simulation.png, id=25, 413.545pt x 695.59875pt>
File: ./images/zad3_simulation.png Graphic file (type png)
<use ./images/zad3_simulation.png>
Package pdftex.def Info: ./images/zad3_simulation.png  used on input line 73.
(pdftex.def)             Requested size: 375.8154pt x 585.40283pt.
 [4 <./images/zad3.png>] [5 <./images/zad3_simulation.png>]
<./images/zad3_analiza.png, id=34, 615.29875pt x 422.57875pt>
File: ./images/zad3_analiza.png Graphic file (type png)
<use ./images/zad3_analiza.png>
Package pdftex.def Info: ./images/zad3_analiza.png  used on input line 83.
(pdftex.def)             Requested size: 375.8105pt x 260.17133pt.
<./images/zad4.png, id=35, 526.96875pt x 332.24126pt>
File: ./images/zad4.png Graphic file (type png)
<use ./images/zad4.png>
Package pdftex.def Info: ./images/zad4.png  used on input line 101.
(pdftex.def)             Requested size: 375.82292pt x 260.18132pt.
 [6 <./images/zad3_analiza.png>]
<./images/zad4_analiza.png, id=40, 592.2125pt x 420.57124pt>
File: ./images/zad4_analiza.png Graphic file (type png)
<use ./images/zad4_analiza.png>
Package pdftex.def Info: ./images/zad4_analiza.png  used on input line 108.
(pdftex.def)             Requested size: 375.81581pt x 260.1675pt.
 [7 <./images/zad4.png> <./images/zad4_analiza.png>]
<./images/zad5.png, id=47, 532.99126pt x 340.27126pt>
File: ./images/zad5.png Graphic file (type png)
<use ./images/zad5.png>
Package pdftex.def Info: ./images/zad5.png  used on input line 121.
(pdftex.def)             Requested size: 375.81583pt x 260.18204pt.
<./images/zad5_analiza.png, id=48, 751.80875pt x 378.41376pt>
File: ./images/zad5_analiza.png Graphic file (type png)
<use ./images/zad5_analiza.png>
Package pdftex.def Info: ./images/zad5_analiza.png  used on input line 128.
(pdftex.def)             Requested size: 375.81168pt x 260.17036pt.
 [8 <./images/zad5.png>]
<./images/zad6.png, id=53, 867.24pt x 457.71pt>
File: ./images/zad6.png Graphic file (type png)
<use ./images/zad6.png>
Package pdftex.def Info: ./images/zad6.png  used on input line 139.
(pdftex.def)             Requested size: 375.80397pt x 260.17805pt.
 [9 <./images/zad5_analiza.png>]
<./images/zad7.png, id=58, 415.5525pt x 290.08376pt>
File: ./images/zad7.png Graphic file (type png)
<use ./images/zad7.png>
Package pdftex.def Info: ./images/zad7.png  used on input line 149.
(pdftex.def)             Requested size: 375.81995pt x 260.18327pt.
 [10 <./images/zad6.png>]
<./images/zad7_graph.png, id=63, 401.5pt x 307.1475pt>
File: ./images/zad7_graph.png Graphic file (type png)
<use ./images/zad7_graph.png>
Package pdftex.def Info: ./images/zad7_graph.png  used on input line 156.
(pdftex.def)             Requested size: 375.82944pt x 260.18613pt.
 [11 <./images/zad7.png>]
<./images/zad7_analiza.png, id=68, 405.515pt x 270.00874pt>
File: ./images/zad7_analiza.png Graphic file (type png)
<use ./images/zad7_analiza.png>
Package pdftex.def Info: ./images/zad7_analiza.png  used on input line 168.
(pdftex.def)             Requested size: 375.81325pt x 260.17363pt.
 [12 <./images/zad7_graph.png>]
<./images/zad8.png, id=73, 738.76pt x 792.9625pt>
File: ./images/zad8.png Graphic file (type png)
<use ./images/zad8.png>
Package pdftex.def Info: ./images/zad8.png  used on input line 177.
(pdftex.def)             Requested size: 375.80444pt x 455.30861pt.
 [13 <./images/zad7_analiza.png>] [14 <./images/zad8.png>] (/home/kuba/semestr5/tw/lab12/sprawozdanie.aux) ) 
Here is how much of TeX's memory you used:
 2843 strings out of 482570
 41330 string characters out of 5949294
 286314 words of memory out of 5000000
 17857 multiletter control sequences out of 15000+600000
 539564 words of font info for 41 fonts, out of 8000000 for 9000
 370 hyphenation exceptions out of 8191
 30i,6n,34p,246b,235s stack positions out of 5000i,500n,10000p,200000b,80000s
{/usr/share/texlive/texmf-dist/fonts/enc/dvips/pl/plit.enc}{/usr/share/texlive/texmf-dist/fonts/enc/dvips/pl/plrm.enc}</usr/share/texlive/texmf-dist/fonts/type1/public/pl/plbx10.pfb></usr/share/texlive/texmf-dist/fonts/type1/public/pl/plbx12.pfb></usr/share/texlive/texmf-dist/fonts/type1/public/pl/plr10.pfb></usr/share/texlive/texmf-dist/fonts/type1/public/pl/plr12.pfb></usr/share/texlive/texmf-dist/fonts/type1/public/pl/plr17.pfb></usr/share/texlive/texmf-dist/fonts/type1/public/pl/plti10.pfb>
Output written on /home/kuba/semestr5/tw/lab12/sprawozdanie.pdf (14 pages, 598965 bytes).
PDF statistics:
 107 PDF objects out of 1000 (max. 8388607)
 54 compressed objects within 1 object stream
 0 named destinations out of 1000 (max. 500000)
 76 words of extra memory for PDF output out of 10000 (max. 10000000)

